# JRE version: Java(TM) SE Runtime Environment (8.0_191-b12) (build 1.8.0_191-b12)
# Java VM: Java HotSpot(TM) 64-Bit Server VM (25.191-b12 mixed mode linux-amd64 compressed oops)
Heap:
 PSYoungGen      total 269312K, used 0K [0x00000000e1700000, 0x00000000fd580000, 0x0000000100000000)
  eden space 102400K, 0% used [0x00000000e1700000,0x00000000e1700000,0x00000000e7b00000)
  from space 166912K, 0% used [0x00000000e7b00000,0x00000000e7b00000,0x00000000f1e00000)
  to   space 166912K, 0% used [0x00000000f3280000,0x00000000f3280000,0x00000000fd580000)
 ParOldGen       total 865792K, used 851738K [0x00000000a4400000, 0x00000000d9180000, 0x00000000e1700000)
  object space 865792K, 98% used [0x00000000a4400000,0x00000000d83c6a58,0x00000000d9180000)
 Metaspace       used 12819K, capacity 12994K, committed 13184K, reserved 1060864K
  class space    used 1574K, capacity 1643K, committed 1664K, reserved 1048576K
GC Heap History (10 events):
Event: 9,954 GC heap after
Heap after GC invocations=23 (full 5):
 PSYoungGen      total 261632K, used 54336K [0x00000000e1700000, 0x00000000fb880000, 0x0000000100000000)
  eden space 95744K, 0% used [0x00000000e1700000,0x00000000e1700000,0x00000000e7480000)
  from space 165888K, 32% used [0x00000000f1680000,0x00000000f4b90000,0x00000000fb880000)
  to   space 165888K, 0% used [0x00000000e7480000,0x00000000e7480000,0x00000000f1680000)
 ParOldGen       total 622080K, used 621251K [0x00000000a4400000, 0x00000000ca380000, 0x00000000e1700000)
  object space 622080K, 99% used [0x00000000a4400000,0x00000000ca2b0e10,0x00000000ca380000)
 Metaspace       used 12809K, capacity 12994K, committed 13184K, reserved 1060864K
  class space    used 1574K, capacity 1643K, committed 1664K, reserved 1048576K
}
Event: 9,954 GC heap before
{Heap before GC invocations=24 (full 6):
 PSYoungGen      total 261632K, used 54336K [0x00000000e1700000, 0x00000000fb880000, 0x0000000100000000)
  eden space 95744K, 0% used [0x00000000e1700000,0x00000000e1700000,0x00000000e7480000)
  from space 165888K, 32% used [0x00000000f1680000,0x00000000f4b90000,0x00000000fb880000)
  to   space 165888K, 0% used [0x00000000e7480000,0x00000000e7480000,0x00000000f1680000)
 ParOldGen       total 622080K, used 621251K [0x00000000a4400000, 0x00000000ca380000, 0x00000000e1700000)
  object space 622080K, 99% used [0x00000000a4400000,0x00000000ca2b0e10,0x00000000ca380000)
 Metaspace       used 12809K, capacity 12994K, committed 13184K, reserved 1060864K
  class space    used 1574K, capacity 1643K, committed 1664K, reserved 1048576K
Event: 12,282 GC heap after
Heap after GC invocations=24 (full 6):
 PSYoungGen      total 261632K, used 29648K [0x00000000e1700000, 0x00000000fb880000, 0x0000000100000000)
  eden space 95744K, 0% used [0x00000000e1700000,0x00000000e1700000,0x00000000e7480000)
  from space 165888K, 17% used [0x00000000f1680000,0x00000000f33742b0,0x00000000fb880000)
  to   space 165888K, 0% used [0x00000000e7480000,0x00000000e7480000,0x00000000f1680000)
 ParOldGen       total 865792K, used 621738K [0x00000000a4400000, 0x00000000d9180000, 0x00000000e1700000)
  object space 865792K, 71% used [0x00000000a4400000,0x00000000ca32abf0,0x00000000d9180000)
 Metaspace       used 12809K, capacity 12994K, committed 13184K, reserved 1060864K
  class space    used 1574K, capacity 1643K, committed 1664K, reserved 1048576K
}
Event: 12,443 GC heap before
{Heap before GC invocations=25 (full 6):
 PSYoungGen      total 261632K, used 125392K [0x00000000e1700000, 0x00000000fb880000, 0x0000000100000000)
  eden space 95744K, 100% used [0x00000000e1700000,0x00000000e7480000,0x00000000e7480000)
  from space 165888K, 17% used [0x00000000f1680000,0x00000000f33742b0,0x00000000fb880000)
  to   space 165888K, 0% used [0x00000000e7480000,0x00000000e7480000,0x00000000f1680000)
 ParOldGen       total 865792K, used 621738K [0x00000000a4400000, 0x00000000d9180000, 0x00000000e1700000)
  object space 865792K, 71% used [0x00000000a4400000,0x00000000ca32abf0,0x00000000d9180000)
 Metaspace       used 12819K, capacity 12994K, committed 13184K, reserved 1060864K
  class space    used 1574K, capacity 1643K, committed 1664K, reserved 1048576K
Event: 12,828 GC heap after
Heap after GC invocations=25 (full 6):
 PSYoungGen      total 261632K, used 68704K [0x00000000e1700000, 0x00000000fb800000, 0x0000000100000000)
  eden space 95744K, 0% used [0x00000000e1700000,0x00000000e1700000,0x00000000e7480000)
  from space 165888K, 41% used [0x00000000e7480000,0x00000000eb798000,0x00000000f1680000)
  to   space 157696K, 0% used [0x00000000f1e00000,0x00000000f1e00000,0x00000000fb800000)
 ParOldGen       total 865792K, used 651522K [0x00000000a4400000, 0x00000000d9180000, 0x00000000e1700000)
  object space 865792K, 75% used [0x00000000a4400000,0x00000000cc040bf0,0x00000000d9180000)
 Metaspace       used 12819K, capacity 12994K, committed 13184K, reserved 1060864K
  class space    used 1574K, capacity 1643K, committed 1664K, reserved 1048576K
}
Event: 12,948 GC heap before
{Heap before GC invocations=26 (full 6):
 PSYoungGen      total 261632K, used 164448K [0x00000000e1700000, 0x00000000fb800000, 0x0000000100000000)
  eden space 95744K, 100% used [0x00000000e1700000,0x00000000e7480000,0x00000000e7480000)
  from space 165888K, 41% used [0x00000000e7480000,0x00000000eb798000,0x00000000f1680000)
  to   space 157696K, 0% used [0x00000000f1e00000,0x00000000f1e00000,0x00000000fb800000)
 ParOldGen       total 865792K, used 651522K [0x00000000a4400000, 0x00000000d9180000, 0x00000000e1700000)
  object space 865792K, 75% used [0x00000000a4400000,0x00000000cc040bf0,0x00000000d9180000)
 Metaspace       used 12819K, capacity 12994K, committed 13184K, reserved 1060864K
  class space    used 1574K, capacity 1643K, committed 1664K, reserved 1048576K
Event: 13,165 GC heap after
Heap after GC invocations=26 (full 6):
 PSYoungGen      total 260096K, used 148015K [0x00000000e1700000, 0x00000000fcc00000, 0x0000000100000000)
  eden space 102400K, 0% used [0x00000000e1700000,0x00000000e1700000,0x00000000e7b00000)
  from space 157696K, 93% used [0x00000000f1e00000,0x00000000fae8bde0,0x00000000fb800000)
  to   space 166912K, 0% used [0x00000000e7b00000,0x00000000e7b00000,0x00000000f1e00000)
 ParOldGen       total 865792K, used 651530K [0x00000000a4400000, 0x00000000d9180000, 0x00000000e1700000)
  object space 865792K, 75% used [0x00000000a4400000,0x00000000cc042bf0,0x00000000d9180000)
 Metaspace       used 12819K, capacity 12994K, committed 13184K, reserved 1060864K
  class space    used 1574K, capacity 1643K, committed 1664K, reserved 1048576K
}
Event: 13,335 GC heap before
{Heap before GC invocations=27 (full 6):
 PSYoungGen      total 260096K, used 250415K [0x00000000e1700000, 0x00000000fcc00000, 0x0000000100000000)
  eden space 102400K, 100% used [0x00000000e1700000,0x00000000e7b00000,0x00000000e7b00000)
  from space 157696K, 93% used [0x00000000f1e00000,0x00000000fae8bde0,0x00000000fb800000)
  to   space 166912K, 0% used [0x00000000e7b00000,0x00000000e7b00000,0x00000000f1e00000)
 ParOldGen       total 865792K, used 651530K [0x00000000a4400000, 0x00000000d9180000, 0x00000000e1700000)
  object space 865792K, 75% used [0x00000000a4400000,0x00000000cc042bf0,0x00000000d9180000)
 Metaspace       used 12819K, capacity 12994K, committed 13184K, reserved 1060864K
  class space    used 1574K, capacity 1643K, committed 1664K, reserved 1048576K
Event: 13,690 GC heap after
Heap after GC invocations=27 (full 6):
 PSYoungGen      total 269312K, used 75168K [0x00000000e1700000, 0x00000000fd580000, 0x0000000100000000)
  eden space 102400K, 0% used [0x00000000e1700000,0x00000000e1700000,0x00000000e7b00000)
  from space 166912K, 45% used [0x00000000e7b00000,0x00000000ec468000,0x00000000f1e00000)
  to   space 166912K, 0% used [0x00000000f3280000,0x00000000f3280000,0x00000000fd580000)
 ParOldGen       total 865792K, used 800002K [0x00000000a4400000, 0x00000000d9180000, 0x00000000e1700000)
  object space 865792K, 92% used [0x00000000a4400000,0x00000000d51409d0,0x00000000d9180000)
 Metaspace       used 12819K, capacity 12994K, committed 13184K, reserved 1060864K
  class space    used 1574K, capacity 1643K, committed 1664K, reserved 1048576K
}
Event: 13,690 GC heap before
{Heap before GC invocations=28 (full 7):
 PSYoungGen      total 269312K, used 75168K [0x00000000e1700000, 0x00000000fd580000, 0x0000000100000000)
  eden space 102400K, 0% used [0x00000000e1700000,0x00000000e1700000,0x00000000e7b00000)
  from space 166912K, 45% used [0x00000000e7b00000,0x00000000ec468000,0x00000000f1e00000)
  to   space 166912K, 0% used [0x00000000f3280000,0x00000000f3280000,0x00000000fd580000)
 ParOldGen       total 865792K, used 800002K [0x00000000a4400000, 0x00000000d9180000, 0x00000000e1700000)
  object space 865792K, 92% used [0x00000000a4400000,0x00000000d51409d0,0x00000000d9180000)
 Metaspace       used 12819K, capacity 12994K, committed 13184K, reserved 1060864K
  class space    used 1574K, capacity 1643K, committed 1664K, reserved 1048576K

